<?xml version="1.0" encoding="UTF-8"?>
<!-- Generated by org.testng.reporters.JUnitXMLReporter -->
<testsuite ignored="4" hostname="DESKTOP-MGUTKMH" failures="0" tests="11" name="Test" time="37.157" errors="0" timestamp="16 Sep 2024 21:47:45 GMT">
  <testcase classname="com.tp.scm.admintest.AdminTest" name="adminAddDistributor" time="2.608"/>
  <testcase classname="com.tp.scm.admintest.AdminTest" name="adminAddManufacturer" time="1.981"/>
  <testcase classname="com.tp.scm.admintest.AdminTest" name="adminAddProductTest" time="2.434"/>
  <testcase classname="com.tp.scm.admintest.AdminTest" name="adminAddRetailerTest" time="2.749"/>
  <testcase classname="com.tp.scm.admintest.AdminTest" name="adminManageCategoryTest" time="4.609"/>
  <testcase classname="com.tp.scm.admintest.AdminTest" name="adminManageUnitTest" time="3.627"/>
  <testcase classname="com.tp.scm.admintest.AdminTest" name="loginAsAdminTest" time="1.067"/>
  <testcase classname="com.tp.scm.manufacturertest.ManufacturerTest" name="manufacturerAddProductTest" time="4.787"/>
  <testcase classname="com.tp.scm.manufacturertest.ManufacturerTest" name="manufacturerLoginTest" time="0.803"/>
  <testcase classname="com.tp.scm.manufacturertest.ManufacturerTest" name="manufacturerManageQuantity" time="1.796"/>
  <testcase classname="com.tp.scm.retailertest.RetailerTest" name="retailerLoginTest" time="0.981"/>
  <testcase classname="com.tp.scm.basetest.BaseClass" name="@BeforeSuite configBS" time="0.0">
    <ignored/>
  </testcase> <!-- @BeforeSuite configBS -->
  <testcase classname="com.tp.scm.basetest.BaseClass" name="@BeforeSuite configBS" time="0.0">
    <ignored/>
  </testcase> <!-- @BeforeSuite configBS -->
  <testcase classname="com.tp.scm.basetest.BaseClass" name="@AfterSuite configAS" time="0.0">
    <ignored/>
  </testcase> <!-- @AfterSuite configAS -->
  <testcase classname="com.tp.scm.basetest.BaseClass" name="@AfterSuite configAS" time="0.0">
    <ignored/>
  </testcase> <!-- @AfterSuite configAS -->
</testsuite> <!-- Test -->
