<?xml version="1.0" encoding="UTF-8"?>
<!-- Generated by org.testng.reporters.JUnitXMLReporter -->
<testsuite ignored="4" hostname="DESKTOP-MGUTKMH" failures="0" tests="11" name="Test" time="36.18" errors="0" timestamp="16 Sep 2024 18:45:28 GMT">
  <testcase classname="com.tp.scm.admintest.AdminTest" name="adminAddDistributor" time="2.861"/>
  <testcase classname="com.tp.scm.admintest.AdminTest" name="adminAddManufacturer" time="1.902"/>
  <testcase classname="com.tp.scm.admintest.AdminTest" name="adminAddProductTest" time="2.591"/>
  <testcase classname="com.tp.scm.admintest.AdminTest" name="adminAddRetailerTest" time="2.787"/>
  <testcase classname="com.tp.scm.admintest.AdminTest" name="adminManageCategoryTest" time="4.326"/>
  <testcase classname="com.tp.scm.admintest.AdminTest" name="adminManageUnitTest" time="3.954"/>
  <testcase classname="com.tp.scm.admintest.AdminTest" name="loginAsAdminTest" time="1.132"/>
  <testcase classname="com.tp.scm.manufacturertest.ManufacturerTest" name="manufacturerAddProductTest" time="2.441"/>
  <testcase classname="com.tp.scm.manufacturertest.ManufacturerTest" name="manufacturerLoginTest" time="0.641"/>
  <testcase classname="com.tp.scm.manufacturertest.ManufacturerTest" name="manufacturerManageQuantity" time="1.611"/>
  <testcase classname="com.tp.scm.retailertest.RetailerTest" name="retailerLoginTest" time="0.945"/>
  <testcase classname="com.tp.scm.basetest.BaseClass" name="@BeforeSuite configBS" time="0.0">
    <ignored/>
  </testcase> <!-- @BeforeSuite configBS -->
  <testcase classname="com.tp.scm.basetest.BaseClass" name="@BeforeSuite configBS" time="0.0">
    <ignored/>
  </testcase> <!-- @BeforeSuite configBS -->
  <testcase classname="com.tp.scm.basetest.BaseClass" name="@AfterSuite configAS" time="0.0">
    <ignored/>
  </testcase> <!-- @AfterSuite configAS -->
  <testcase classname="com.tp.scm.basetest.BaseClass" name="@AfterSuite configAS" time="0.0">
    <ignored/>
  </testcase> <!-- @AfterSuite configAS -->
</testsuite> <!-- Test -->
