<?xml version="1.0" encoding="UTF-8"?>
<!-- Generated by org.testng.reporters.JUnitXMLReporter -->
<testsuite ignored="2" hostname="DESKTOP-MGUTKMH" failures="0" tests="1" name="Default test" time="5.294" errors="0" timestamp="16 Sep 2024 11:13:35 GMT">
  <testcase classname="com.tp.scm.manufacturertest.manufacturerTest" name="manufacturerManageQuantity" time="2.2"/>
  <testcase classname="com.tp.scm.manufacturertest.manufacturerTest" name="manufacturerAddProductTest" time="0.0">
    <ignored/>
  </testcase> <!-- manufacturerAddProductTest -->
  <testcase classname="com.tp.scm.manufacturertest.manufacturerTest" name="manufacturerLoginTest" time="0.0">
    <ignored/>
  </testcase> <!-- manufacturerLoginTest -->
</testsuite> <!-- Default test -->
