<?xml version="1.0" encoding="UTF-8"?>
<!-- Generated by org.testng.reporters.JUnitXMLReporter -->
<testsuite ignored="6" hostname="DESKTOP-MGUTKMH" failures="0" tests="1" name="Default test" time="8.806" errors="0" timestamp="16 Sep 2024 18:44:13 GMT">
  <testcase classname="com.tp.scm.admintest.AdminTest" name="adminManageUnitTest" time="4.833"/>
  <testcase classname="com.tp.scm.admintest.AdminTest" name="adminAddDistributor" time="0.0">
    <ignored/>
  </testcase> <!-- adminAddDistributor -->
  <testcase classname="com.tp.scm.admintest.AdminTest" name="adminAddProductTest" time="0.0">
    <ignored/>
  </testcase> <!-- adminAddProductTest -->
  <testcase classname="com.tp.scm.admintest.AdminTest" name="adminAddManufacturer" time="0.0">
    <ignored/>
  </testcase> <!-- adminAddManufacturer -->
  <testcase classname="com.tp.scm.admintest.AdminTest" name="adminManageCategoryTest" time="0.0">
    <ignored/>
  </testcase> <!-- adminManageCategoryTest -->
  <testcase classname="com.tp.scm.admintest.AdminTest" name="adminAddRetailerTest" time="0.0">
    <ignored/>
  </testcase> <!-- adminAddRetailerTest -->
  <testcase classname="com.tp.scm.admintest.AdminTest" name="loginAsAdminTest" time="0.0">
    <ignored/>
  </testcase> <!-- loginAsAdminTest -->
</testsuite> <!-- Default test -->
